<?xml version="1.0" encoding="UTF-8"?>
<!-- Generated by org.testng.reporters.JUnitReportReporter -->
<testsuite hostname="DESKTOP-TRGGSFM" failures="0" tests="1" name="testt.learn" time="6.317" errors="0" timestamp="2024-09-25T12:50:57 IST" skipped="0">
  <testcase classname="testt.learn" name="Method_one" time="6.317"/>
  <system-out/>
</testsuite> <!-- testt.learn -->
