<?xml version="1.0" encoding="UTF-8"?>
<!-- Generated by org.testng.reporters.JUnitReportReporter -->
<testsuite hostname="DESKTOP-TRGGSFM" failures="0" tests="1" name="testt.learn" time="12.549" errors="0" timestamp="2024-09-25T18:13:58 IST" skipped="0">
  <testcase classname="testt.learn" name="Method_three" time="12.549"/>
  <system-out/>
</testsuite> <!-- testt.learn -->
