<?xml version="1.0" encoding="UTF-8"?>
<!-- Generated by org.testng.reporters.JUnitReportReporter -->
<testsuite hostname="DESKTOP-TRGGSFM" failures="0" tests="1" name="testt.learning_broken_link" time="24.883" errors="0" timestamp="2024-09-27T12:34:36 IST" skipped="0">
  <testcase classname="testt.learning_broken_link" name="checkBrokenLinks" time="24.883"/>
  <system-out/>
</testsuite> <!-- testt.learning_broken_link -->
