<?xml version="1.0" encoding="UTF-8"?>
<!-- Generated by org.testng.reporters.JUnitReportReporter -->
<testsuite hostname="DESKTOP-TRGGSFM" failures="0" tests="1" name="Learning" time="4.999" errors="0" timestamp="2024-09-25T10:56:28 IST" skipped="0">
  <testcase classname="Learning" name="Method_one" time="4.999"/>
  <system-out/>
</testsuite> <!-- Learning -->
