<?xml version="1.0" encoding="UTF-8"?>
<!-- Generated by org.testng.reporters.JUnitReportReporter -->
<testsuite hostname="DESKTOP-TRGGSFM" failures="0" tests="1" name="testt.learning_broken_link" time="19.895" errors="0" timestamp="2024-09-30T11:08:21 IST" skipped="0">
  <testcase classname="testt.learning_broken_link" name="checkBrokenLinks" time="19.895"/>
  <system-out/>
</testsuite> <!-- testt.learning_broken_link -->
