<?xml version="1.0" encoding="UTF-8"?>
<!-- Generated by org.testng.reporters.JUnitReportReporter -->
<testsuite hostname="DESKTOP-TRGGSFM" failures="0" tests="1" name="testt.learn" time="3.416" errors="0" timestamp="2024-09-25T16:44:05 IST" skipped="0">
  <testcase classname="testt.learn" name="Method_one" time="3.416"/>
  <system-out/>
</testsuite> <!-- testt.learn -->
